2018-11-12 01:56:54,253 - server__main__ - INFO - Init Message <path:%s, loggingpath:%s>
2018-11-12 01:56:54,253 - server__main__ - DEBUG - Received operation is list
2018-11-12 01:56:54,253 - server__main__ - DEBUG - List operation starts
2018-11-12 01:56:54,253 - server__main__ - INFO - list file function started
2018-11-12 01:56:54,253 - server__main__ - INFO - user directory found <user: mzp7>
2018-11-12 01:56:54,257 - server__main__ - DEBUG - List function list the directory 
total 16
-rw-r--r-- 1 root root  362 Kas 12 01:11 Dockerfile
-rw-r--r-- 1 root root 5949 Kas 12 01:11 server.log
-rw-r--r-- 1 root root 1604 Kas 12 01:11 test.log

2018-11-12 01:56:54,258 - server__main__ - DEBUG - List function ended successfully
2018-11-12 02:00:28,827 - server__main__ - INFO - Init Message <path:%s, loggingpath:%s>
2018-11-12 02:00:28,827 - server__main__ - DEBUG - Received operation is list
2018-11-12 02:00:28,827 - server__main__ - DEBUG - List operation starts
2018-11-12 02:00:28,827 - server__main__ - INFO - list file function started
2018-11-12 02:00:28,827 - server__main__ - INFO - user directory found <user: mzp7>
2018-11-12 02:00:28,831 - server__main__ - DEBUG - List function list the directory 
total 16
-rw-r--r-- 1 root root  362 Kas 12 01:11 Dockerfile
-rw-r--r-- 1 root root 5949 Kas 12 01:11 server.log
-rw-r--r-- 1 root root 1604 Kas 12 01:11 test.log

2018-11-12 02:00:28,832 - server__main__ - DEBUG - List function ended successfully
2018-11-12 02:00:31,639 - server__main__ - INFO - Init Message <path:%s, loggingpath:%s>
2018-11-12 02:00:31,639 - server__main__ - DEBUG - Received operation is get
2018-11-12 02:00:31,640 - server__main__ - DEBUG - Get operation starts
2018-11-12 02:00:31,640 - server__main__ - INFO - Get oprateion starts
2018-11-12 02:00:31,640 - server__main__ - DEBUG - File path : /home/mzp7/workspace/comp472/xinetd_service/data/mzp7/test.log
2018-11-12 02:01:07,465 - server__main__ - INFO - Init Message
2018-11-12 02:01:07,465 - server__main__ - DEBUG - Received operation is get
2018-11-12 02:01:07,465 - server__main__ - DEBUG - Get operation starts
2018-11-12 02:01:07,465 - server__main__ - INFO - Get oprateion starts
2018-11-12 02:01:07,465 - server__main__ - DEBUG - File path : /home/mzp7/workspace/comp472/xinetd_service/data/mzp7/test.log
2018-11-12 02:05:47,540 - server__main__ - INFO - Init Message
2018-11-12 02:05:47,540 - server__main__ - DEBUG - Received operation is list
2018-11-12 02:05:47,540 - server__main__ - DEBUG - List operation starts
2018-11-12 02:05:47,540 - server__main__ - INFO - list file function started
2018-11-12 02:05:47,540 - server__main__ - INFO - user directory found <user: mzp7>
2018-11-12 02:05:47,544 - server__main__ - DEBUG - List function list the directory 
total 16
-rw-r--r-- 1 root root  362 Kas 12 01:11 Dockerfile
-rw-r--r-- 1 root root 5949 Kas 12 01:11 server.log
-rw-r--r-- 1 root root 1604 Kas 12 01:11 test.log

2018-11-12 02:05:47,544 - server__main__ - DEBUG - List function ended successfully
2018-11-12 02:06:34,436 - server__main__ - INFO - Init Message
2018-11-12 02:06:34,436 - server__main__ - DEBUG - Received operation is del
2018-11-12 02:06:34,436 - server__main__ - DEBUG - Del operation starts
2018-11-12 02:06:34,436 - server__main__ - INFO - Del oprateion starts
2018-11-12 02:06:34,436 - server__main__ - DEBUG - File path : /home/mzp7/workspace/comp472/xinetd_service/data/mzp7/test.log
2018-11-12 02:06:34,436 - server__main__ - INFO - File is deleted successfully
2018-11-12 02:06:34,436 - server__main__ - INFO - Message is send
2018-11-12 02:06:51,359 - server__main__ - INFO - Init Message
2018-11-12 02:06:51,359 - server__main__ - DEBUG - Received operation is put_check
2018-11-12 02:06:51,359 - server__main__ - DEBUG - Put_check operation starts
2018-11-12 02:06:51,359 - server__main__ - DEBUG - put_check username: mzp7
2018-11-12 02:06:51,359 - server__main__ - DEBUG - put_check username: mzp7 send a request for the file
2018-11-12 02:06:51,396 - server__main__ - INFO - Init Message
2018-11-12 02:06:51,396 - server__main__ - DEBUG - Received operation is put
2018-11-12 02:06:51,396 - server__main__ - DEBUG - Put operation starts
2018-11-12 02:06:51,396 - server__main__ - INFO - put function starts
2018-11-12 02:06:51,396 - server__main__ - DEBUG - data size : 1.56640625
2018-11-12 02:06:51,397 - server__main__ - INFO - file write
2018-11-12 02:13:50,600 - server__main__ - INFO - Init Message
2018-11-12 02:13:50,600 - server__main__ - DEBUG - Received operation is list
2018-11-12 02:13:50,600 - server__main__ - DEBUG - List operation starts
2018-11-12 02:13:50,600 - server__main__ - INFO - list file function started
2018-11-12 02:13:50,600 - server__main__ - INFO - user directory found <user: mzp7>
2018-11-12 02:13:50,603 - server__main__ - DEBUG - List function list the directory 
total 16
-rw-r--r-- 1 root root  362 Kas 12 01:11 Dockerfile
-rw-r--r-- 1 root root 5949 Kas 12 01:11 server.log
-rw-r--r-- 1 root root 1604 Kas 12 02:06 test.log

2018-11-12 02:13:50,603 - server__main__ - DEBUG - List function ended successfully
