2018-11-11 16:34:07,829 - server__main__ - INFO - Init Message
2018-11-11 16:34:17,187 - server__main__ - DEBUG - Received operation is list
2018-11-11 16:34:17,187 - server__main__ - DEBUG - List operation starts
2018-11-11 16:34:17,188 - server__main__ - DEBUG - list file function started
2018-11-11 16:42:26,058 - server__main__ - INFO - Init Message
2018-11-11 16:42:28,592 - server__main__ - DEBUG - Received operation is list
2018-11-11 16:42:28,592 - server__main__ - DEBUG - List operation starts
2018-11-11 16:42:28,593 - server__main__ - INFO - list file function started
2018-11-11 16:42:28,593 - server__main__ - INFO - user directory found <user: mzp7>
2018-11-11 16:43:30,508 - server__main__ - INFO - Init Message
2018-11-11 16:43:38,530 - server__main__ - DEBUG - Received operation is list
2018-11-11 16:43:38,530 - server__main__ - DEBUG - List operation starts
2018-11-11 16:43:38,530 - server__main__ - INFO - list file function started
2018-11-11 16:43:38,530 - server__main__ - INFO - user directory found <user: mzp7>
2018-11-11 16:44:30,979 - server__main__ - INFO - Init Message
2018-11-11 16:44:34,881 - server__main__ - DEBUG - Received operation is list
2018-11-11 16:44:34,882 - server__main__ - DEBUG - List operation starts
2018-11-11 16:44:34,882 - server__main__ - INFO - list file function started
2018-11-11 16:44:34,882 - server__main__ - INFO - user directory found <user: mzp7>
2018-11-11 16:49:37,726 - server__main__ - INFO - Init Message
2018-11-11 16:49:40,241 - server__main__ - DEBUG - Received operation is list
2018-11-11 16:49:40,241 - server__main__ - DEBUG - List operation starts
2018-11-11 16:49:40,241 - server__main__ - INFO - list file function started
2018-11-11 16:49:40,241 - server__main__ - INFO - user directory found <user: mzp7>
2018-11-11 17:21:45,012 - server__main__ - INFO - Init Message
2018-11-11 17:21:53,650 - server__main__ - DEBUG - Received operation is list
2018-11-11 17:21:53,650 - server__main__ - DEBUG - List operation starts
2018-11-11 17:21:53,651 - server__main__ - INFO - list file function started
2018-11-11 17:21:53,651 - server__main__ - INFO - user directory found <user: mzp7>
2018-11-11 17:33:10,265 - server__main__ - INFO - Init Message
2018-11-11 17:33:12,116 - server__main__ - DEBUG - Received operation is list
2018-11-11 17:33:12,117 - server__main__ - DEBUG - List operation starts
2018-11-11 17:33:12,117 - server__main__ - INFO - list file function started
2018-11-11 17:33:12,117 - server__main__ - INFO - user directory found <user: mzp7>
2018-11-11 17:33:24,093 - server__main__ - INFO - Init Message
2018-11-11 17:33:25,840 - server__main__ - DEBUG - Received operation is list
2018-11-11 17:33:25,841 - server__main__ - DEBUG - List operation starts
2018-11-11 17:33:25,841 - server__main__ - INFO - list file function started
2018-11-11 17:33:25,841 - server__main__ - INFO - user directory found <user: mzp7>
2018-11-11 17:40:23,034 - server__main__ - INFO - Init Message
2018-11-11 17:40:26,344 - server__main__ - DEBUG - Received operation is list
2018-11-11 17:40:26,345 - server__main__ - DEBUG - List operation starts
2018-11-11 17:40:26,345 - server__main__ - INFO - list file function started
2018-11-11 17:40:26,345 - server__main__ - INFO - user directory found <user: mzp7>
2018-11-11 17:40:26,356 - server__main__ - DEBUG - List function list the directory 0
2018-11-11 17:41:13,343 - server__main__ - INFO - Init Message
2018-11-11 17:41:18,008 - server__main__ - DEBUG - Received operation is list
2018-11-11 17:41:18,009 - server__main__ - DEBUG - List operation starts
2018-11-11 17:41:18,009 - server__main__ - INFO - list file function started
2018-11-11 17:41:18,009 - server__main__ - INFO - user directory found <user: mzp7>
2018-11-11 17:41:18,021 - server__main__ - DEBUG - List function list the directory 0
2018-11-11 17:44:46,830 - server__main__ - INFO - Init Message
2018-11-11 17:44:48,897 - server__main__ - DEBUG - Received operation is list
2018-11-11 17:44:48,898 - server__main__ - DEBUG - List operation starts
2018-11-11 17:44:48,898 - server__main__ - INFO - list file function started
2018-11-11 17:44:48,898 - server__main__ - INFO - user directory found <user: mzp7>
2018-11-11 17:44:48,909 - server__main__ - DEBUG - List function list the directory 0
2018-11-11 17:44:48,910 - server__main__ - DEBUG - 1
2018-11-11 17:44:48,910 - server__main__ - DEBUG - 2
2018-11-11 17:44:48,910 - server__main__ - DEBUG - 3
2018-11-11 17:45:16,853 - server__main__ - INFO - Init Message
2018-11-11 17:45:19,848 - server__main__ - DEBUG - Received operation is list
2018-11-11 17:45:19,849 - server__main__ - DEBUG - List operation starts
2018-11-11 17:45:19,849 - server__main__ - INFO - list file function started
2018-11-11 17:45:19,849 - server__main__ - INFO - user directory found <user: mzp7>
2018-11-11 17:45:19,861 - server__main__ - DEBUG - List function list the directory 0
2018-11-11 17:45:19,862 - server__main__ - DEBUG - 1
2018-11-11 17:45:19,862 - server__main__ - DEBUG - 2
2018-11-11 17:45:19,862 - server__main__ - DEBUG - 3
2018-11-11 17:47:07,776 - server__main__ - INFO - Init Message
2018-11-11 17:47:11,433 - server__main__ - DEBUG - Received operation is list
2018-11-11 17:47:11,433 - server__main__ - DEBUG - List operation starts
2018-11-11 17:47:11,433 - server__main__ - INFO - list file function started
2018-11-11 17:47:11,434 - server__main__ - INFO - user directory found <user: mzp7>
2018-11-11 17:47:11,440 - server__main__ - DEBUG - List function list the directory 0
2018-11-11 17:47:11,441 - server__main__ - DEBUG - 1
2018-11-11 17:47:11,441 - server__main__ - DEBUG - 2
2018-11-11 17:47:11,441 - server__main__ - DEBUG - 3
2018-11-11 17:51:12,983 - server__main__ - INFO - Init Message
2018-11-11 17:51:16,168 - server__main__ - DEBUG - Received operation is list
2018-11-11 17:51:16,169 - server__main__ - DEBUG - List operation starts
2018-11-11 17:51:16,169 - server__main__ - INFO - list file function started
2018-11-11 17:51:16,169 - server__main__ - INFO - user directory found <user: mzp7>
2018-11-11 17:51:16,180 - server__main__ - DEBUG - List function list the directory b'total 0\n'
2018-11-11 17:51:16,180 - server__main__ - DEBUG - 1
2018-11-11 17:51:16,181 - server__main__ - DEBUG - 2
2018-11-11 17:51:16,181 - server__main__ - DEBUG - 3
2018-11-11 17:51:43,102 - server__main__ - INFO - Init Message
2018-11-11 17:51:44,764 - server__main__ - DEBUG - Received operation is list
2018-11-11 17:51:44,764 - server__main__ - DEBUG - List operation starts
2018-11-11 17:51:44,764 - server__main__ - INFO - list file function started
2018-11-11 17:51:44,764 - server__main__ - INFO - user directory found <user: mzp7>
2018-11-11 17:51:44,768 - server__main__ - DEBUG - List function list the directory b'total 0\n'
2018-11-11 17:51:44,768 - server__main__ - DEBUG - 1
2018-11-11 17:51:44,768 - server__main__ - DEBUG - 2
2018-11-11 17:51:44,768 - server__main__ - DEBUG - 3
2018-11-11 17:53:26,059 - server__main__ - INFO - Init Message
2018-11-11 17:53:28,016 - server__main__ - DEBUG - Received operation is list
2018-11-11 17:53:28,017 - server__main__ - DEBUG - List operation starts
2018-11-11 17:53:28,017 - server__main__ - INFO - list file function started
2018-11-11 17:53:28,017 - server__main__ - INFO - user directory found <user: mzp7>
2018-11-11 17:53:28,030 - server__main__ - DEBUG - List function list the directory total 0

2018-11-11 17:53:28,031 - server__main__ - DEBUG - 1
2018-11-11 17:53:28,031 - server__main__ - DEBUG - 2
2018-11-11 17:53:28,031 - server__main__ - DEBUG - 3
2018-11-11 17:55:45,214 - server__main__ - INFO - Init Message
2018-11-11 17:55:50,192 - server__main__ - DEBUG - Received operation is list
2018-11-11 17:55:50,192 - server__main__ - DEBUG - List operation starts
2018-11-11 17:55:50,193 - server__main__ - INFO - list file function started
2018-11-11 17:55:50,193 - server__main__ - INFO - user directory found <user: mzp7>
2018-11-11 17:55:50,204 - server__main__ - DEBUG - List function list the directory 
total 0

2018-11-11 17:55:50,204 - server__main__ - DEBUG - 1
2018-11-11 17:55:50,204 - server__main__ - DEBUG - 2
2018-11-11 17:55:50,204 - server__main__ - DEBUG - 3
2018-11-11 17:55:50,205 - server__main__ - DEBUG - List function ended successfully
2018-11-11 17:56:18,847 - server__main__ - INFO - Init Message
2018-11-11 17:56:22,078 - server__main__ - DEBUG - Received operation is list
2018-11-11 17:56:22,078 - server__main__ - DEBUG - List operation starts
2018-11-11 17:56:22,078 - server__main__ - INFO - list file function started
2018-11-11 17:56:22,078 - server__main__ - INFO - user directory found <user: mzp7>
2018-11-11 17:56:22,087 - server__main__ - DEBUG - List function list the directory 
total 0

2018-11-11 17:56:22,088 - server__main__ - DEBUG - List function ended successfully
2018-11-11 17:59:41,806 - server__main__ - INFO - Init Message
2018-11-11 17:59:45,840 - server__main__ - DEBUG - Received operation is list
2018-11-11 17:59:45,841 - server__main__ - DEBUG - List operation starts
2018-11-11 17:59:45,841 - server__main__ - INFO - list file function started
2018-11-11 17:59:45,842 - server__main__ - INFO - user directory found <user: mzp7>
2018-11-11 17:59:45,853 - server__main__ - DEBUG - List function list the directory 
total 0

2018-11-11 17:59:45,854 - server__main__ - DEBUG - List function ended successfully
2018-11-11 18:01:05,138 - server__main__ - INFO - Init Message
2018-11-11 18:01:10,248 - server__main__ - DEBUG - Received operation is list
2018-11-11 18:01:10,248 - server__main__ - DEBUG - List operation starts
2018-11-11 18:01:10,249 - server__main__ - INFO - list file function started
2018-11-11 18:01:10,249 - server__main__ - INFO - user directory found <user: mzp7>
2018-11-11 18:01:10,259 - server__main__ - DEBUG - List function list the directory 
total 0

2018-11-11 18:01:10,260 - server__main__ - DEBUG - List function ended successfully
2018-11-11 18:01:26,792 - server__main__ - INFO - Init Message
2018-11-11 18:01:34,472 - server__main__ - DEBUG - Received operation is list
2018-11-11 18:01:34,473 - server__main__ - DEBUG - List operation starts
2018-11-11 18:01:34,473 - server__main__ - INFO - list file function started
2018-11-11 18:01:34,473 - server__main__ - INFO - user directory found <user: mzp7>
2018-11-11 18:01:34,485 - server__main__ - DEBUG - List function list the directory 
total 0

2018-11-11 18:01:34,486 - server__main__ - DEBUG - List function ended successfully
2018-11-11 18:03:05,247 - server__main__ - INFO - Init Message
2018-11-11 18:03:09,768 - server__main__ - DEBUG - Received operation is list
2018-11-11 18:03:09,769 - server__main__ - DEBUG - List operation starts
2018-11-11 18:03:09,769 - server__main__ - INFO - list file function started
2018-11-11 18:03:09,769 - server__main__ - INFO - user directory found <user: mzp7>
2018-11-11 18:03:09,780 - server__main__ - DEBUG - List function list the directory 
total 0

2018-11-11 18:03:09,780 - server__main__ - DEBUG - List function ended successfully
2018-11-11 18:05:07,793 - server__main__ - INFO - Init Message
2018-11-11 18:05:11,481 - server__main__ - DEBUG - Received operation is list
2018-11-11 18:05:11,481 - server__main__ - DEBUG - List operation starts
2018-11-11 18:05:11,481 - server__main__ - INFO - list file function started
2018-11-11 18:05:11,481 - server__main__ - INFO - user directory found <user: mzp7>
2018-11-11 18:05:11,485 - server__main__ - DEBUG - List function list the directory 
total 0

2018-11-11 18:05:11,485 - server__main__ - DEBUG - List function ended successfully
2018-11-11 18:07:20,491 - server__main__ - INFO - Init Message
2018-11-11 18:07:23,064 - server__main__ - DEBUG - Received operation is list
2018-11-11 18:07:23,065 - server__main__ - DEBUG - List operation starts
2018-11-11 18:07:23,065 - server__main__ - INFO - list file function started
2018-11-11 18:07:23,065 - server__main__ - INFO - user directory found <user: mzp7>
2018-11-11 18:07:23,076 - server__main__ - DEBUG - List function list the directory 
total 0

2018-11-11 18:07:23,077 - server__main__ - DEBUG - List function ended successfully
2018-11-11 18:30:43,192 - server__main__ - INFO - Init Message
2018-11-11 18:30:46,048 - server__main__ - DEBUG - Received operation is list
2018-11-11 18:30:46,049 - server__main__ - DEBUG - List operation starts
2018-11-11 18:30:46,049 - server__main__ - INFO - list file function started
2018-11-11 18:30:46,049 - server__main__ - INFO - user directory found <user: mzp7>
2018-11-11 18:30:46,056 - server__main__ - DEBUG - List function list the directory 
total 0

2018-11-11 18:33:50,640 - server__main__ - INFO - Init Message
2018-11-11 18:33:56,001 - server__main__ - DEBUG - Received operation is list
2018-11-11 18:33:56,001 - server__main__ - DEBUG - List operation starts
2018-11-11 18:33:56,002 - server__main__ - INFO - list file function started
2018-11-11 18:33:56,002 - server__main__ - INFO - user directory found <user: mzp7>
2018-11-11 18:33:56,012 - server__main__ - DEBUG - List function list the directory 
total 0

2018-11-11 18:35:11,364 - server__main__ - INFO - Init Message
2018-11-11 18:35:14,361 - server__main__ - DEBUG - Received operation is list
2018-11-11 18:35:14,361 - server__main__ - DEBUG - List operation starts
2018-11-11 18:35:14,361 - server__main__ - INFO - list file function started
2018-11-11 18:35:14,362 - server__main__ - INFO - user directory found <user: mzp7>
2018-11-11 18:35:14,373 - server__main__ - DEBUG - List function list the directory 
total 0

2018-11-11 18:35:14,373 - server__main__ - DEBUG - List function ended successfully
2018-11-11 18:35:44,913 - server__main__ - INFO - Init Message
2018-11-11 18:35:48,928 - server__main__ - DEBUG - Received operation is list
2018-11-11 18:35:48,929 - server__main__ - DEBUG - List operation starts
2018-11-11 18:35:48,929 - server__main__ - INFO - list file function started
2018-11-11 18:35:48,929 - server__main__ - INFO - user directory found <user: mzp7>
2018-11-11 18:35:48,940 - server__main__ - DEBUG - List function list the directory 
total 0

2018-11-11 18:35:48,941 - server__main__ - DEBUG - List function ended successfully
2018-11-11 18:36:55,704 - server__main__ - INFO - Init Message
2018-11-11 18:37:02,616 - server__main__ - DEBUG - Received operation is list
2018-11-11 18:37:02,617 - server__main__ - DEBUG - List operation starts
2018-11-11 18:37:02,617 - server__main__ - INFO - list file function started
2018-11-11 18:37:02,617 - server__main__ - INFO - user directory found <user: mzp7>
2018-11-11 18:37:02,628 - server__main__ - DEBUG - List function list the directory 
total 0

2018-11-11 18:37:02,629 - server__main__ - DEBUG - List function ended successfully
2018-11-11 18:37:08,919 - server__main__ - INFO - Init Message
2018-11-11 18:37:17,376 - server__main__ - DEBUG - Received operation is list
2018-11-11 18:37:17,377 - server__main__ - DEBUG - List operation starts
2018-11-11 18:37:17,377 - server__main__ - INFO - list file function started
2018-11-11 18:37:17,377 - server__main__ - INFO - user directory found <user: mzp7>
2018-11-11 18:37:17,388 - server__main__ - DEBUG - List function list the directory 
total 0

2018-11-11 18:37:17,389 - server__main__ - DEBUG - List function ended successfully
2018-11-11 18:37:22,429 - server__main__ - INFO - Init Message
2018-11-11 18:37:25,946 - server__main__ - DEBUG - Received operation is list
2018-11-11 18:37:25,946 - server__main__ - DEBUG - List operation starts
2018-11-11 18:37:25,946 - server__main__ - INFO - list file function started
2018-11-11 18:37:25,947 - server__main__ - INFO - user directory found <user: mzp7>
2018-11-11 18:37:25,958 - server__main__ - DEBUG - List function list the directory 
total 0

2018-11-11 18:37:25,958 - server__main__ - DEBUG - List function ended successfully
2018-11-11 18:38:16,107 - server__main__ - INFO - Init Message
2018-11-11 18:38:18,281 - server__main__ - DEBUG - Received operation is list
2018-11-11 18:38:18,281 - server__main__ - DEBUG - List operation starts
2018-11-11 18:38:18,281 - server__main__ - INFO - list file function started
2018-11-11 18:38:18,281 - server__main__ - INFO - user directory found <user: mzp7>
2018-11-11 18:38:18,285 - server__main__ - DEBUG - List function list the directory 
total 0

2018-11-11 18:38:18,285 - server__main__ - DEBUG - List function ended successfully
2018-11-11 18:38:24,827 - server__main__ - INFO - Init Message
2018-11-11 18:38:26,704 - server__main__ - DEBUG - Received operation is list
2018-11-11 18:38:26,705 - server__main__ - DEBUG - List operation starts
2018-11-11 18:38:26,705 - server__main__ - INFO - list file function started
2018-11-11 18:38:26,705 - server__main__ - INFO - user directory found <user: mzp7>
2018-11-11 18:38:26,709 - server__main__ - DEBUG - List function list the directory 
total 0

2018-11-11 18:38:26,709 - server__main__ - DEBUG - List function ended successfully
2018-11-11 18:41:52,266 - server__main__ - INFO - Init Message
2018-11-11 18:41:56,306 - server__main__ - DEBUG - Received operation is list
2018-11-11 18:41:56,306 - server__main__ - DEBUG - List operation starts
2018-11-11 18:41:56,306 - server__main__ - INFO - list file function started
2018-11-11 18:41:56,306 - server__main__ - INFO - user directory found <user: mzp7>
2018-11-11 18:41:56,317 - server__main__ - DEBUG - List function list the directory 
total 0

2018-11-11 18:41:56,318 - server__main__ - DEBUG - List function ended successfully
2018-11-11 18:42:03,722 - server__main__ - INFO - Init Message
2018-11-11 18:42:04,992 - server__main__ - DEBUG - Received operation is list
2018-11-11 18:42:04,993 - server__main__ - DEBUG - List operation starts
2018-11-11 18:42:04,993 - server__main__ - INFO - list file function started
2018-11-11 18:42:04,993 - server__main__ - INFO - user directory found <user: mzp7>
2018-11-11 18:42:05,003 - server__main__ - DEBUG - List function list the directory 
total 0

2018-11-11 18:42:05,004 - server__main__ - DEBUG - List function ended successfully
2018-11-11 18:42:37,663 - server__main__ - INFO - Init Message
2018-11-11 18:42:39,321 - server__main__ - DEBUG - Received operation is list
2018-11-11 18:42:39,321 - server__main__ - DEBUG - List operation starts
2018-11-11 18:42:39,322 - server__main__ - INFO - list file function started
2018-11-11 18:42:39,322 - server__main__ - INFO - user directory found <user: mzp7>
2018-11-11 18:42:39,333 - server__main__ - DEBUG - List function list the directory 
total 0

2018-11-11 18:43:11,685 - server__main__ - INFO - Init Message
2018-11-11 18:43:14,449 - server__main__ - DEBUG - Received operation is list
2018-11-11 18:43:14,449 - server__main__ - DEBUG - List operation starts
2018-11-11 18:43:14,449 - server__main__ - INFO - list file function started
2018-11-11 18:43:14,449 - server__main__ - INFO - user directory found <user: mzp7>
2018-11-11 18:43:14,460 - server__main__ - DEBUG - List function list the directory 
total 0

2018-11-11 18:47:17,061 - server__main__ - INFO - Init Message
2018-11-11 18:47:19,329 - server__main__ - DEBUG - Received operation is list
2018-11-11 18:47:19,329 - server__main__ - DEBUG - List operation starts
2018-11-11 18:47:19,329 - server__main__ - INFO - list file function started
2018-11-11 18:47:19,330 - server__main__ - INFO - user directory found <user: mzp7>
2018-11-11 18:47:19,344 - server__main__ - DEBUG - List function list the directory 
total 0

2018-11-11 18:47:26,385 - server__main__ - INFO - Init Message
2018-11-11 18:47:28,444 - server__main__ - DEBUG - Received operation is list
2018-11-11 18:47:28,444 - server__main__ - DEBUG - List operation starts
2018-11-11 18:47:28,445 - server__main__ - INFO - list file function started
2018-11-11 18:47:28,445 - server__main__ - INFO - user directory found <user: mzp7>
2018-11-11 18:47:28,456 - server__main__ - DEBUG - List function list the directory 
total 0

2018-11-11 18:47:28,457 - server__main__ - DEBUG - List function ended successfully
2018-11-11 19:22:06,097 - server__main__ - INFO - Init Message
2018-11-11 19:22:06,097 - server__main__ - DEBUG - Received operation is list
2018-11-11 19:22:06,097 - server__main__ - DEBUG - List operation starts
2018-11-11 19:22:06,097 - server__main__ - INFO - list file function started
2018-11-11 19:22:06,097 - server__main__ - INFO - user directory found <user: mzp7>
2018-11-11 19:22:06,101 - server__main__ - DEBUG - List function list the directory 
total 0

2018-11-11 19:22:06,101 - server__main__ - DEBUG - List function ended successfully
2018-11-11 19:36:25,805 - server__main__ - INFO - Init Message
2018-11-11 19:36:25,806 - server__main__ - DEBUG - Received operation is list
2018-11-11 19:36:25,806 - server__main__ - DEBUG - List operation starts
2018-11-11 19:36:25,806 - server__main__ - INFO - list file function started
2018-11-11 19:36:25,806 - server__main__ - INFO - user directory found <user: mzp7>
2018-11-11 19:36:25,809 - server__main__ - DEBUG - List function list the directory 
total 0
-rw-r--r-- 1 root root 0 Kas 11 19:36 tilililiil

2018-11-11 19:36:25,809 - server__main__ - DEBUG - List function ended successfully
2018-11-11 19:39:24,517 - server__main__ - INFO - Init Message
2018-11-11 19:39:24,517 - server__main__ - DEBUG - Received operation is list
2018-11-11 19:39:24,517 - server__main__ - DEBUG - List operation starts
2018-11-11 19:39:24,517 - server__main__ - INFO - list file function started
2018-11-11 19:39:24,517 - server__main__ - INFO - user directory found <user: mzp7>
2018-11-11 19:39:24,520 - server__main__ - DEBUG - List function list the directory 
total 0
-rw-r--r-- 1 root root 0 Kas 11 19:36 tilililiil

2018-11-11 19:39:24,520 - server__main__ - DEBUG - List function ended successfully
2018-11-11 19:39:30,257 - server__main__ - INFO - Init Message
2018-11-11 19:39:30,257 - server__main__ - DEBUG - Received operation is list
2018-11-11 19:39:30,257 - server__main__ - DEBUG - List operation starts
2018-11-11 19:39:30,257 - server__main__ - INFO - list file function started
2018-11-11 19:39:30,257 - server__main__ - INFO - user directory found <user: mzp7>
2018-11-11 19:39:30,261 - server__main__ - DEBUG - List function list the directory 
total 0
-rw-r--r-- 1 root root 0 Kas 11 19:36 tilililiil

2018-11-11 19:39:30,261 - server__main__ - DEBUG - List function ended successfully
2018-11-11 19:42:42,533 - server__main__ - INFO - Init Message
2018-11-11 19:42:42,533 - server__main__ - DEBUG - Received operation is list
2018-11-11 19:42:42,533 - server__main__ - DEBUG - List operation starts
2018-11-11 19:42:42,533 - server__main__ - INFO - list file function started
2018-11-11 19:42:42,533 - server__main__ - INFO - User directory created <user: mzp7>
2018-11-11 19:42:42,533 - server__main__ - DEBUG - List function send creation message to client
2018-11-11 19:42:54,150 - server__main__ - INFO - Init Message
2018-11-11 19:42:54,151 - server__main__ - DEBUG - Received operation is list
2018-11-11 19:42:54,151 - server__main__ - DEBUG - List operation starts
2018-11-11 19:42:54,151 - server__main__ - INFO - list file function started
2018-11-11 19:42:54,151 - server__main__ - INFO - user directory found <user: mzp7>
2018-11-11 19:42:54,154 - server__main__ - DEBUG - List function list the directory 
total 0

2018-11-11 19:42:54,154 - server__main__ - DEBUG - List function ended successfully
2018-11-11 19:47:40,282 - server__main__ - INFO - Init Message
2018-11-11 19:47:40,282 - server__main__ - DEBUG - Received operation is put_check
2018-11-11 19:47:40,282 - server__main__ - DEBUG - Put_check operation starts
2018-11-11 19:47:40,282 - server__main__ - DEBUG - put_check username: mzp7
2018-11-11 19:47:40,282 - server__main__ - DEBUG - put_check username: mzp7 send a request for the file
2018-11-11 19:49:13,346 - server__main__ - INFO - Init Message
2018-11-11 19:49:13,346 - server__main__ - DEBUG - Received operation is put_check
2018-11-11 19:49:13,346 - server__main__ - DEBUG - Put_check operation starts
2018-11-11 19:49:13,346 - server__main__ - DEBUG - put_check username: mzp7
2018-11-11 19:49:13,346 - server__main__ - DEBUG - put_check username: mzp7 send a request for the file
2018-11-11 19:57:43,079 - server__main__ - INFO - Init Message
2018-11-11 19:57:43,080 - server__main__ - DEBUG - Received operation is put_check
2018-11-11 19:57:43,080 - server__main__ - DEBUG - Put_check operation starts
2018-11-11 19:57:43,080 - server__main__ - DEBUG - put_check username: mzp7
2018-11-11 19:57:43,080 - server__main__ - DEBUG - put_check username: mzp7 send a request for the file
2018-11-11 19:57:43,118 - server__main__ - INFO - Init Message
2018-11-11 19:58:21,905 - server__main__ - INFO - Init Message
2018-11-11 19:58:21,905 - server__main__ - DEBUG - Received operation is put_check
2018-11-11 19:58:21,905 - server__main__ - DEBUG - Put_check operation starts
2018-11-11 19:58:21,905 - server__main__ - DEBUG - put_check username: mzp7
2018-11-11 19:58:21,905 - server__main__ - DEBUG - put_check username: mzp7 send a request for the file
2018-11-11 19:58:21,942 - server__main__ - INFO - Init Message
2018-11-11 19:59:34,021 - server__main__ - INFO - Init Message
2018-11-11 19:59:34,021 - server__main__ - INFO - Init Message
2018-11-11 19:59:34,021 - server__main__ - DEBUG - Received operation is put_check
2018-11-11 19:59:34,021 - server__main__ - DEBUG - Put_check operation starts
2018-11-11 19:59:34,021 - server__main__ - DEBUG - put_check username: mzp7
2018-11-11 19:59:34,021 - server__main__ - DEBUG - put_check username: mzp7 send a request for the file
2018-11-11 20:02:32,404 - server__main__ - INFO - Init Message
2018-11-11 20:02:32,404 - server__main__ - DEBUG - Received operation is list
2018-11-11 20:02:32,404 - server__main__ - DEBUG - List operation starts
2018-11-11 20:02:32,404 - server__main__ - INFO - list file function started
2018-11-11 20:02:32,404 - server__main__ - INFO - user directory found <user: mzp7>
2018-11-11 20:02:32,407 - server__main__ - DEBUG - List function list the directory 
total 0

2018-11-11 20:02:32,407 - server__main__ - DEBUG - List function ended successfully
2018-11-11 20:02:38,361 - server__main__ - INFO - Init Message
2018-11-11 20:02:38,362 - server__main__ - DEBUG - Received operation is list
2018-11-11 20:02:38,362 - server__main__ - DEBUG - List operation starts
2018-11-11 20:02:38,362 - server__main__ - INFO - list file function started
2018-11-11 20:02:38,362 - server__main__ - INFO - user directory found <user: mzp7>
2018-11-11 20:02:38,365 - server__main__ - DEBUG - List function list the directory 
total 0

2018-11-11 20:02:38,365 - server__main__ - DEBUG - List function ended successfully
2018-11-11 20:02:49,721 - server__main__ - INFO - Init Message
2018-11-11 20:02:49,721 - server__main__ - INFO - Init Message
2018-11-11 20:02:49,721 - server__main__ - DEBUG - Received operation is put_check
2018-11-11 20:02:49,721 - server__main__ - DEBUG - Put_check operation starts
2018-11-11 20:02:49,721 - server__main__ - DEBUG - put_check username: mzp7
2018-11-11 20:02:49,721 - server__main__ - DEBUG - put_check username: mzp7 send a request for the file
2018-11-11 20:04:50,264 - server__main__ - INFO - Init Message
2018-11-11 20:04:50,264 - server__main__ - DEBUG - Received operation is put_check
2018-11-11 20:04:50,264 - server__main__ - DEBUG - Put_check operation starts
2018-11-11 20:04:50,264 - server__main__ - DEBUG - put_check username: mzp7
2018-11-11 20:04:50,264 - server__main__ - DEBUG - put_check username: mzp7 send a request for the file
2018-11-11 20:04:50,266 - server__main__ - INFO - Init Message
2018-11-11 20:05:40,291 - server__main__ - INFO - Init Message
2018-11-11 20:05:40,292 - server__main__ - DEBUG - Received operation is put_check
2018-11-11 20:05:40,292 - server__main__ - DEBUG - Put_check operation starts
2018-11-11 20:05:40,292 - server__main__ - DEBUG - put_check username: mzp7
2018-11-11 20:05:40,292 - server__main__ - DEBUG - put_check username: mzp7 send a request for the file
2018-11-11 20:05:40,292 - server__main__ - INFO - Init Message
