2018-11-12 00:58:39,732 - server__main__ - INFO - Init Message
2018-11-12 00:58:39,732 - server__main__ - DEBUG - Received operation is del
2018-11-12 00:58:39,732 - server__main__ - DEBUG - Del operation starts
2018-11-12 00:58:39,732 - server__main__ - INFO - Del oprateion starts
2018-11-12 01:00:38,280 - server__main__ - INFO - Init Message
2018-11-12 01:00:38,281 - server__main__ - DEBUG - Received operation is del
2018-11-12 01:00:38,281 - server__main__ - DEBUG - Del operation starts
2018-11-12 01:00:38,281 - server__main__ - INFO - Del oprateion starts
2018-11-12 01:02:32,351 - server__main__ - INFO - Init Message
2018-11-12 01:02:32,352 - server__main__ - DEBUG - Received operation is del
2018-11-12 01:02:32,352 - server__main__ - DEBUG - Del operation starts
2018-11-12 01:02:32,352 - server__main__ - INFO - Del oprateion starts
2018-11-12 01:03:30,225 - server__main__ - INFO - Init Message
2018-11-12 01:03:30,225 - server__main__ - DEBUG - Received operation is del
2018-11-12 01:03:30,225 - server__main__ - DEBUG - Del operation starts
2018-11-12 01:03:30,225 - server__main__ - INFO - Del oprateion starts
2018-11-12 01:05:25,088 - server__main__ - INFO - Init Message
2018-11-12 01:05:25,088 - server__main__ - DEBUG - Received operation is del
2018-11-12 01:05:25,088 - server__main__ - DEBUG - Del operation starts
2018-11-12 01:05:25,088 - server__main__ - INFO - Del oprateion starts
2018-11-12 01:05:25,088 - server__main__ - DEBUG - File path : /home/mzp7/workspace/comp472/xinetd_service/data/mzp7build.sh
2018-11-12 01:05:25,089 - server__main__ - INFO - File doesn't exists
2018-11-12 01:06:16,879 - server__main__ - INFO - Init Message
2018-11-12 01:06:16,879 - server__main__ - DEBUG - Received operation is del
2018-11-12 01:06:16,879 - server__main__ - DEBUG - Del operation starts
2018-11-12 01:06:16,879 - server__main__ - INFO - Del oprateion starts
2018-11-12 01:06:16,879 - server__main__ - DEBUG - File path : /home/mzp7/workspace/comp472/xinetd_service/data/mzp7build.sh
2018-11-12 01:06:16,879 - server__main__ - INFO - File doesn't exists
2018-11-12 01:08:51,364 - server__main__ - INFO - Init Message
2018-11-12 01:08:51,364 - server__main__ - DEBUG - Received operation is del
2018-11-12 01:08:51,364 - server__main__ - DEBUG - Del operation starts
2018-11-12 01:08:51,364 - server__main__ - INFO - Del oprateion starts
2018-11-12 01:08:51,364 - server__main__ - DEBUG - File path : /home/mzp7/workspace/comp472/xinetd_service/data/mzp7/build.sh
2018-11-12 01:08:51,364 - server__main__ - INFO - File is deleted successfully
2018-11-12 01:08:51,364 - server__main__ - INFO - Message is send
2018-11-12 01:10:20,370 - server__main__ - INFO - Init Message
2018-11-12 01:10:20,370 - server__main__ - DEBUG - Received operation is del
2018-11-12 01:10:20,370 - server__main__ - DEBUG - Del operation starts
2018-11-12 01:10:20,370 - server__main__ - INFO - Del oprateion starts
2018-11-12 01:10:20,370 - server__main__ - DEBUG - File path : /home/mzp7/workspace/comp472/xinetd_service/data/mzp7/Dockerfile
2018-11-12 01:10:20,370 - server__main__ - INFO - File sizes doesn't match
2018-11-12 01:10:35,705 - server__main__ - INFO - Init Message
2018-11-12 01:10:35,706 - server__main__ - DEBUG - Received operation is del
2018-11-12 01:10:35,706 - server__main__ - DEBUG - Del operation starts
2018-11-12 01:10:35,706 - server__main__ - INFO - Del oprateion starts
2018-11-12 01:10:35,706 - server__main__ - DEBUG - File path : /home/mzp7/workspace/comp472/xinetd_service/data/mzp7/Dockerfile
2018-11-12 01:10:35,706 - server__main__ - INFO - File md5s doesn't match
2018-11-12 01:10:53,049 - server__main__ - INFO - Init Message
2018-11-12 01:10:53,049 - server__main__ - DEBUG - Received operation is del
2018-11-12 01:10:53,049 - server__main__ - DEBUG - Del operation starts
2018-11-12 01:10:53,049 - server__main__ - INFO - Del oprateion starts
2018-11-12 01:10:53,049 - server__main__ - DEBUG - File path : /home/mzp7/workspace/comp472/xinetd_service/data/mzp7/Dockerfile
2018-11-12 01:10:53,050 - server__main__ - INFO - File is deleted successfully
2018-11-12 01:10:53,050 - server__main__ - INFO - Message is send
2018-11-12 01:11:06,242 - server__main__ - INFO - Init Message
2018-11-12 01:11:06,242 - server__main__ - DEBUG - Received operation is del
2018-11-12 01:11:06,242 - server__main__ - DEBUG - Del operation starts
2018-11-12 01:11:06,242 - server__main__ - INFO - Del oprateion starts
2018-11-12 01:11:06,242 - server__main__ - DEBUG - File path : /home/mzp7/workspace/comp472/xinetd_service/data/mzp7/test.data
2018-11-12 01:11:07,654 - server__main__ - INFO - File is deleted successfully
2018-11-12 01:11:07,655 - server__main__ - INFO - Message is send
2018-11-12 01:11:26,213 - server__main__ - INFO - Init Message
2018-11-12 01:11:26,213 - server__main__ - DEBUG - Received operation is put_check
2018-11-12 01:11:26,213 - server__main__ - DEBUG - Put_check operation starts
2018-11-12 01:11:26,213 - server__main__ - DEBUG - put_check username: mzp7
2018-11-12 01:11:26,213 - server__main__ - DEBUG - put_check username: mzp7 send a request for the file
2018-11-12 01:11:26,257 - server__main__ - INFO - Init Message
2018-11-12 01:11:26,257 - server__main__ - DEBUG - Received operation is put
2018-11-12 01:11:26,257 - server__main__ - DEBUG - Put operation starts
2018-11-12 01:11:26,257 - server__main__ - INFO - put function starts
2018-11-12 01:11:26,257 - server__main__ - DEBUG - data size : 1.56640625
2018-11-12 01:11:26,258 - server__main__ - INFO - file write
2018-11-12 01:11:34,760 - server__main__ - INFO - Init Message
2018-11-12 01:11:34,760 - server__main__ - DEBUG - Received operation is put_check
2018-11-12 01:11:34,760 - server__main__ - DEBUG - Put_check operation starts
2018-11-12 01:11:34,760 - server__main__ - DEBUG - put_check username: mzp7
2018-11-12 01:11:34,760 - server__main__ - DEBUG - put_check username: mzp7 send a request for the file
